This is pdfTeX, Version 3.1415926-1.40.10 (MiKTeX 2.8) (preloaded format=pdflatex 2011.5.8)  10 AUG 2012 17:07
entering extended mode
**F:/FIRST_END_TERM_PROJECT/TEXT_PRODUCTION/Kopie*von*latex_files_1/THESIS/THES
IS.tex

("F:/FIRST_END_TERM_PROJECT/TEXT_PRODUCTION/Kopie von latex_files_1/THESIS/THES
IS.tex"
LaTeX2e <2009/09/24>
Babel <v3.8l> and hyphenation patterns for english, dumylang, nohyphenation, ge
rman, ngerman, german-x-2009-06-19, ngerman-x-2009-06-19, french, loaded.
("C:\Program Files\MiKTeX 2.8\tex\latex\base\report.cls"
Document Class: report 2007/10/19 v1.4h Standard LaTeX document class
("C:\Program Files\MiKTeX 2.8\tex\latex\base\size12.clo"
File: size12.clo 2007/10/19 v1.4h Standard LaTeX file (size option)
)
\c@part=\count79
\c@chapter=\count80
\c@section=\count81
\c@subsection=\count82
\c@subsubsection=\count83
\c@paragraph=\count84
\c@subparagraph=\count85
\c@figure=\count86
\c@table=\count87
\abovecaptionskip=\skip41
\belowcaptionskip=\skip42
\bibindent=\dimen102
)
("C:\Program Files\MiKTeX 2.8\tex\generic\babel\babel.sty"
Package: babel 2008/07/08 v3.8m The Babel package

*************************************
* Local config file bblopts.cfg used
*
("C:\Program Files\MiKTeX 2.8\tex\latex\00miktex\bblopts.cfg"
File: bblopts.cfg 2006/07/31 v1.0 MiKTeX 'babel' configuration
)
("C:\Program Files\MiKTeX 2.8\tex\generic\babel\germanb.ldf"
Language: germanb 2008/06/01 v2.6m German support from the babel system

("C:\Program Files\MiKTeX 2.8\tex\generic\babel\babel.def"
File: babel.def 2008/07/08 v3.8m Babel common definitions
\babel@savecnt=\count88
\U@D=\dimen103
)
\l@austrian = a dialect from \language\l@german 
Package babel Info: Making " an active character on input line 102.
)
("C:\Program Files\MiKTeX 2.8\tex\generic\babel\english.ldf"
Language: english 2005/03/30 v3.3o English support from the babel system
\l@canadian = a dialect from \language\l@american 
\l@australian = a dialect from \language\l@british 
\l@newzealand = a dialect from \language\l@british 
))
("C:\Program Files\MiKTeX 2.8\tex\latex\ams\math\amsmath.sty"
Package: amsmath 2000/07/18 v2.13 AMS math features
\@mathmargin=\skip43

For additional information on amsmath, use the `?' option.
("C:\Program Files\MiKTeX 2.8\tex\latex\ams\math\amstext.sty"
Package: amstext 2000/06/29 v2.01

("C:\Program Files\MiKTeX 2.8\tex\latex\ams\math\amsgen.sty"
File: amsgen.sty 1999/11/30 v2.0
\@emptytoks=\toks14
\ex@=\dimen104
))
("C:\Program Files\MiKTeX 2.8\tex\latex\ams\math\amsbsy.sty"
Package: amsbsy 1999/11/29 v1.2d
\pmbraise@=\dimen105
)
("C:\Program Files\MiKTeX 2.8\tex\latex\ams\math\amsopn.sty"
Package: amsopn 1999/12/14 v2.01 operator names
)
\inf@bad=\count89
LaTeX Info: Redefining \frac on input line 211.
\uproot@=\count90
\leftroot@=\count91
LaTeX Info: Redefining \overline on input line 307.
\classnum@=\count92
\DOTSCASE@=\count93
LaTeX Info: Redefining \ldots on input line 379.
LaTeX Info: Redefining \dots on input line 382.
LaTeX Info: Redefining \cdots on input line 467.
\Mathstrutbox@=\box26
\strutbox@=\box27
\big@size=\dimen106
LaTeX Font Info:    Redeclaring font encoding OML on input line 567.
LaTeX Font Info:    Redeclaring font encoding OMS on input line 568.
\macc@depth=\count94
\c@MaxMatrixCols=\count95
\dotsspace@=\muskip10
\c@parentequation=\count96
\dspbrk@lvl=\count97
\tag@help=\toks15
\row@=\count98
\column@=\count99
\maxfields@=\count100
\andhelp@=\toks16
\eqnshift@=\dimen107
\alignsep@=\dimen108
\tagshift@=\dimen109
\tagwidth@=\dimen110
\totwidth@=\dimen111
\lineht@=\dimen112
\@envbody=\toks17
\multlinegap=\skip44
\multlinetaggap=\skip45
\mathdisplay@stack=\toks18
LaTeX Info: Redefining \[ on input line 2666.
LaTeX Info: Redefining \] on input line 2667.
)
("C:\Program Files\MiKTeX 2.8\tex\latex\tools\array.sty"
Package: array 2008/09/09 v2.4c Tabular extension package (FMi)
\col@sep=\dimen113
\extrarowheight=\dimen114
\NC@list=\toks19
\extratabsurround=\skip46
\backup@length=\skip47
)
("C:\Program Files\MiKTeX 2.8\tex\latex\graphics\color.sty"
Package: color 2005/11/14 v1.0j Standard LaTeX Color (DPC)

("C:\Program Files\MiKTeX 2.8\tex\latex\00miktex\color.cfg"
File: color.cfg 2007/01/18 v1.5 color configuration of teTeX/TeXLive
)
Package color Info: Driver file: pdftex.def on input line 130.

("C:\Program Files\MiKTeX 2.8\tex\latex\pdftex-def\pdftex.def"
File: pdftex.def 2011/05/27 v0.06d Graphics/color for pdfTeX

("C:\Program Files\MiKTeX 2.8\tex\generic\oberdiek\infwarerr.sty"
Package: infwarerr 2010/04/08 v1.3 Providing info/warning/error messages (HO)
)
("C:\Program Files\MiKTeX 2.8\tex\generic\oberdiek\ltxcmds.sty"
Package: ltxcmds 2011/11/09 v1.22 LaTeX kernel commands for general use (HO)
)
\Gread@gobject=\count101
))
("C:\Program Files\MiKTeX 2.8\tex\latex\geometry\geometry.sty"
Package: geometry 2010/09/12 v5.6 Page Geometry

("C:\Program Files\MiKTeX 2.8\tex\latex\graphics\keyval.sty"
Package: keyval 1999/03/16 v1.13 key=value parser (DPC)
\KV@toks@=\toks20
)
("C:\Program Files\MiKTeX 2.8\tex\generic\oberdiek\ifpdf.sty"
Package: ifpdf 2011/01/30 v2.3 Provides the ifpdf switch (HO)
Package ifpdf Info: pdfTeX in PDF mode is detected.
)
("C:\Program Files\MiKTeX 2.8\tex\generic\oberdiek\ifvtex.sty"
Package: ifvtex 2010/03/01 v1.5 Detect VTeX and its facilities (HO)
Package ifvtex Info: VTeX not detected.
)
("C:\Program Files\MiKTeX 2.8\tex\generic\ifxetex\ifxetex.sty"
Package: ifxetex 2010/09/12 v0.6 Provides ifxetex conditional
)
\Gm@cnth=\count102
\Gm@cntv=\count103
\c@Gm@tempcnt=\count104
\Gm@bindingoffset=\dimen115
\Gm@wd@mp=\dimen116
\Gm@odd@mp=\dimen117
\Gm@even@mp=\dimen118
\Gm@layoutwidth=\dimen119
\Gm@layoutheight=\dimen120
\Gm@layouthoffset=\dimen121
\Gm@layoutvoffset=\dimen122
\Gm@dimlist=\toks21

("C:\Program Files\MiKTeX 2.8\tex\latex\geometry\geometry.cfg"))
("C:\Program Files\MiKTeX 2.8\tex\latex\graphics\graphicx.sty"
Package: graphicx 1999/02/16 v1.0f Enhanced LaTeX Graphics (DPC,SPQR)

("C:\Program Files\MiKTeX 2.8\tex\latex\graphics\graphics.sty"
Package: graphics 2009/02/05 v1.0o Standard LaTeX Graphics (DPC,SPQR)

("C:\Program Files\MiKTeX 2.8\tex\latex\graphics\trig.sty"
Package: trig 1999/03/16 v1.09 sin cos tan (DPC)
)
("C:\Program Files\MiKTeX 2.8\tex\latex\00miktex\graphics.cfg"
File: graphics.cfg 2007/01/18 v1.5 graphics configuration of teTeX/TeXLive
)
Package graphics Info: Driver file: pdftex.def on input line 91.
)
\Gin@req@height=\dimen123
\Gin@req@width=\dimen124
)
("C:\Program Files\MiKTeX 2.8\tex\latex\psfrag\psfrag.sty"
Package: psfrag 1998/04/11 v3.04 PSfrag (MCG)
\pfg@pcount=\count105
\pfg@scount=\count106
\pfg@temp=\write3
)
("C:\Program Files\MiKTeX 2.8\tex\latex\amsfonts\eucal.sty"
Package: eucal 2009/06/22 v3.00 Euler Script fonts
LaTeX Font Info:    Overwriting math alphabet `\EuScript' in version `bold'
(Font)                  U/eus/m/n --> U/eus/b/n on input line 33.
)
("C:\Program Files\MiKTeX 2.8\tex\latex\base\latexsym.sty"
Package: latexsym 1998/08/17 v2.2e Standard LaTeX package (lasy symbols)
\symlasy=\mathgroup4
LaTeX Font Info:    Overwriting symbol font `lasy' in version `bold'
(Font)                  U/lasy/m/n --> U/lasy/b/n on input line 47.
)
("C:\Program Files\MiKTeX 2.8\tex\latex\jknappen\mathrsfs.sty"
Package: mathrsfs 1996/01/01 Math RSFS package v1.0 (jk)
\symrsfs=\mathgroup5
)
("C:\Program Files\MiKTeX 2.8\tex\latex\rotating\rotating.sty"
Package: rotating 2009/03/28 v2.16a rotated objects in LaTeX

("C:\Program Files\MiKTeX 2.8\tex\latex\base\ifthen.sty"
Package: ifthen 2001/05/26 v1.1c Standard LaTeX ifthen package (DPC)
)
\c@r@tfl@t=\count107
\rotFPtop=\skip48
\rotFPbot=\skip49
\rot@float@box=\box28
\rot@mess@toks=\toks22
)
("C:\Program Files\MiKTeX 2.8\tex\latex\subfigure\subfigure.sty"
Package: subfigure 2002/07/30 v2.1.4 subfigure package
\subfigtopskip=\skip50
\subfigcapskip=\skip51
\subfigcaptopadj=\dimen125
\subfigbottomskip=\skip52
\subfigcapmargin=\dimen126
\subfiglabelskip=\skip53
\c@subfigure=\count108
\c@lofdepth=\count109
\c@subtable=\count110
\c@lotdepth=\count111

****************************************
* Local config file subfigure.cfg used *
****************************************
("C:\Program Files\MiKTeX 2.8\tex\latex\subfigure\subfigure.cfg")
\subfig@top=\skip54
\subfig@bottom=\skip55
)
("C:\Program Files\MiKTeX 2.8\tex\latex\subfig\subfig.sty"
Package: subfig 2005/06/28 ver: 1.3 subfig package

("C:\Program Files\MiKTeX 2.8\tex\latex\caption\caption.sty"
Package: caption 2012/02/19 v3.2f Customizing captions (AR)

("C:\Program Files\MiKTeX 2.8\tex\latex\caption\caption3.sty"
Package: caption3 2012/01/12 v1.4b caption3 kernel (AR)
\captionmargin=\dimen127
\captionmargin@=\dimen128
\captionwidth=\dimen129
\caption@indent=\dimen130
\caption@parindent=\dimen131
\caption@hangindent=\dimen132
)
\c@ContinuedFloat=\count112
Package caption Info: rotating package is loaded.
Package caption Info: subfigure package is loaded.
)
\c@KVtest=\count113
\sf@farskip=\skip56
\sf@captopadj=\dimen133
\sf@capskip=\skip57
\sf@nearskip=\skip58
\sf@top=\skip59
\sf@bottom=\skip60
)
("C:\Program Files\MiKTeX 2.8\tex\latex\paralist\paralist.sty"
Package: paralist 2002/03/18 v2.3b Extended list environments (BS)
\pltopsep=\skip61
\plpartopsep=\skip62
\plitemsep=\skip63
\plparsep=\skip64
\pl@lab=\toks23
)
("C:\Program Files\MiKTeX 2.8\tex\latex\tocbibind\tocbibind.sty"
Package: tocbibind 2010/10/13 v1.5k extra ToC listings
Package tocbibind Info: The document has chapter divisions on input line 50.


Package tocbibind Note: Using chapter style headings, unless overridden.

) ("C:\Program Files\MiKTeX 2.8\tex\latex\ltxmisc\varwidth.sty"
Package: varwidth 2009/03/30 ver 0.92;  Variable-width minipages
\@vwid@box=\box29
\sift@deathcycles=\count114
\@vwid@loff=\dimen134
\@vwid@roff=\dimen135
)
("C:\Program Files\MiKTeX 2.8\tex\latex\oberdiek\epstopdf.sty"
Package: epstopdf 2010/02/09 v2.5 Conversion with epstopdf on the fly (HO)

("C:\Program Files\MiKTeX 2.8\tex\latex\oberdiek\epstopdf-base.sty"
Package: epstopdf-base 2010/02/09 v2.5 Base part for package epstopdf

("C:\Program Files\MiKTeX 2.8\tex\latex\oberdiek\grfext.sty"
Package: grfext 2010/08/19 v1.1 Manage graphics extensions (HO)

("C:\Program Files\MiKTeX 2.8\tex\generic\oberdiek\kvdefinekeys.sty"
Package: kvdefinekeys 2011/04/07 v1.3 Define keys (HO)
))
("C:\Program Files\MiKTeX 2.8\tex\latex\oberdiek\kvoptions.sty"
Package: kvoptions 2011/06/30 v3.11 Key value format for package options (HO)

("C:\Program Files\MiKTeX 2.8\tex\generic\oberdiek\kvsetkeys.sty"
Package: kvsetkeys 2012/04/25 v1.16 Key value parser (HO)

("C:\Program Files\MiKTeX 2.8\tex\generic\oberdiek\etexcmds.sty"
Package: etexcmds 2011/02/16 v1.5 Avoid name clashes with e-TeX commands (HO)

("C:\Program Files\MiKTeX 2.8\tex\generic\oberdiek\ifluatex.sty"
Package: ifluatex 2010/03/01 v1.3 Provides the ifluatex switch (HO)
Package ifluatex Info: LuaTeX not detected.
)
Package etexcmds Info: Could not find \expanded.
(etexcmds)             That can mean that you are not using pdfTeX 1.50 or
(etexcmds)             that some package has redefined \expanded.
(etexcmds)             In the latter case, load this package earlier.
)))
("C:\Program Files\MiKTeX 2.8\tex\generic\oberdiek\pdftexcmds.sty"
Package: pdftexcmds 2011/11/29 v0.20 Utility functions of pdfTeX for LuaTeX (HO
)
Package pdftexcmds Info: LuaTeX not detected.
Package pdftexcmds Info: \pdf@primitive is available.
Package pdftexcmds Info: \pdf@ifprimitive is available.
Package pdftexcmds Info: \pdfdraftmode found.
)
Package grfext Info: Graphics extension search list:
(grfext)             [.png,.pdf,.jpg,.mps,.jpeg,.jbig2,.jb2,.PNG,.PDF,.JPG,.JPE
G,.JBIG2,.JB2,.eps]
(grfext)             \AppendGraphicsExtensions on input line 452.
))
("C:\Program Files\MiKTeX 2.8\tex\latex\natbib\natbib.sty"
Package: natbib 2010/09/13 8.31b (PWD, AO)
\bibhang=\skip65
\bibsep=\skip66
LaTeX Info: Redefining \cite on input line 694.
\c@NAT@ctr=\count115
)
("C:\Program Files\MiKTeX 2.8\tex\latex\base\inputenc.sty"
Package: inputenc 2008/03/30 v1.1d Input encoding file
\inpenc@prehook=\toks24
\inpenc@posthook=\toks25

("C:\Program Files\MiKTeX 2.8\tex\latex\base\latin1.def"
File: latin1.def 2008/03/30 v1.1d Input encoding file
))
("C:\Program Files\MiKTeX 2.8\tex\latex\here\here.sty")
("C:\Program Files\MiKTeX 2.8\tex\latex\float\float.sty"
Package: float 2001/11/08 v1.3d Float enhancements (AL)
\c@float@type=\count116
\float@exts=\toks26
\float@box=\box30
\@float@everytoks=\toks27
\@floatcapt=\box31
)
("C:\Program Files\MiKTeX 2.8\tex\latex\psnfss\pifont.sty"
Package: pifont 2005/04/12 PSNFSS-v9.2a Pi font support (SPQR) 
LaTeX Font Info:    Try loading font information for U+pzd on input line 63.

("C:\Program Files\MiKTeX 2.8\tex\latex\psnfss\upzd.fd"
File: upzd.fd 2001/06/04 font definitions for U/pzd.
)
LaTeX Font Info:    Try loading font information for U+psy on input line 64.

("C:\Program Files\MiKTeX 2.8\tex\latex\psnfss\upsy.fd"
File: upsy.fd 2001/06/04 font definitions for U/psy.
))
("C:\Program Files\MiKTeX 2.8\tex\latex\setspace\setspace.sty"
Package: setspace 2011/12/19 v6.7a set line spacing
)
("C:\Program Files\MiKTeX 2.8\tex\latex\import\import.sty"
Package: import 2009/03/23  v 5.1
)
("C:\Program Files\MiKTeX 2.8\tex\latex\glossaries\base\glossaries.sty"
Package: glossaries 2012/05/21 v3.02 (NLCT)

("C:\Program Files\MiKTeX 2.8\tex\latex\xkeyval\xkeyval.sty"
Package: xkeyval 2008/08/13 v2.6a package option processing (HA)

("C:\Program Files\MiKTeX 2.8\tex\generic\xkeyval\xkeyval.tex"
\XKV@toks=\toks28
\XKV@tempa@toks=\toks29
\XKV@depth=\count117
File: xkeyval.tex 2008/08/13 v2.6a key=value parser (HA)
))
("C:\Program Files\MiKTeX 2.8\tex\latex\glossaries\base\mfirstuc.sty"
Package: mfirstuc 2012/05/21 v1.06 (NLCT)

("C:\Program Files\MiKTeX 2.8\tex\latex\etoolbox\etoolbox.sty"
Package: etoolbox 2011/01/03 v2.1 e-TeX tools for LaTeX

("C:\Program Files\MiKTeX 2.8\tex\latex\misc\etex.sty"
Package: etex 1998/03/26 v2.0 eTeX basic definition package (PEB)
\et@xins=\count118
)
\etb@tempcnta=\count119
)
\@glsmfirst=\toks30
\@glsmrest=\toks31
)
("C:\Program Files\MiKTeX 2.8\tex\latex\xfor\xfor.sty"
Package: xfor 2009/02/05 v1.05 (NLCT)
)
("C:\Program Files\MiKTeX 2.8\tex\latex\beamer\base\translator\translator.sty"
Package: translator 2010/06/12 ver 1.10

("C:\Program Files\MiKTeX 2.8\tex\latex\beamer\base\translator\translator-langu
age-mappings.tex"))
\gls@level=\count120
\@gls@tmpb=\toks32
\gls@tmplen=\skip67
\glswrite=\write4
\glskeylisttok=\toks33
\glslabeltok=\toks34
\glsshorttok=\toks35
\glslongtok=\toks36

("C:\Program Files\MiKTeX 2.8\tex\latex\glossaries\styles\glossary-hypernav.sty
"
Package: glossary-hypernav 2007/07/04 v1.01 (NLCT)
) ("C:\Program Files\MiKTeX 2.8\tex\latex\glossaries\styles\glossary-list.sty"
Package: glossary-list 2011/03/28 v3.0 (NLCT)
\glslistdottedwidth=\skip68
) ("C:\Program Files\MiKTeX 2.8\tex\latex\glossaries\styles\glossary-long.sty"
Package: glossary-long 2011/03/28 v3.0 (NLCT)

("C:\Program Files\MiKTeX 2.8\tex\latex\tools\longtable.sty"
Package: longtable 2004/02/01 v4.11 Multi-page Table package (DPC)
\LTleft=\skip69
\LTright=\skip70
\LTpre=\skip71
\LTpost=\skip72
\LTchunksize=\count121
\LTcapwidth=\dimen136
\LT@head=\box32
\LT@firsthead=\box33
\LT@foot=\box34
\LT@lastfoot=\box35
\LT@cols=\count122
\LT@rows=\count123
\c@LT@tables=\count124
\c@LT@chunks=\count125
\LT@p@ftn=\toks37
)
\glsdescwidth=\skip73
\glspagelistwidth=\skip74
)
("C:\Program Files\MiKTeX 2.8\tex\latex\glossaries\styles\glossary-super.sty"
Package: glossary-super 2011/03/28 v3.0 (NLCT)

("C:\Program Files\MiKTeX 2.8\tex\latex\supertabular\supertabular.sty"
Package: supertabular 2004/02/20 v4.1e the supertabular environment
\c@tracingst=\count126
\ST@wd=\dimen137
\ST@rightskip=\skip75
\ST@leftskip=\skip76
\ST@parfillskip=\skip77
\ST@pageleft=\dimen138
\ST@headht=\dimen139
\ST@tailht=\dimen140
\ST@pagesofar=\dimen141
\ST@pboxht=\dimen142
\ST@lineht=\dimen143
\ST@stretchht=\dimen144
\ST@prevht=\dimen145
\ST@toadd=\dimen146
\ST@dimen=\dimen147
\ST@pbox=\box36
))
("C:\Program Files\MiKTeX 2.8\tex\latex\glossaries\styles\glossary-tree.sty"
Package: glossary-tree 2011/03/28 v3.0 (NLCT)
\glstreeindent=\skip78
))
("C:\Program Files\MiKTeX 2.8\tex\latex\nomencl\nomencl.sty"
Package: nomencl 2005/09/22 v4.2 Nomenclature package (LN)
\nomlabelwidth=\dimen148
\nom@tempdim=\dimen149
\nomitemsep=\skip79
)
\glo@main@file=\write5
Package glossaries Info: Writing glossary file THESIS.glo on input line 42.
\@nomenclaturefile=\write6

Writing nomenclature file THESIS.nlo

LaTeX Warning: Unused global option(s):
    [liststotoc].


("F:\FIRST_END_TERM_PROJECT\TEXT_PRODUCTION\Kopie von latex_files_1\THESIS\THES
IS.aux"
("F:\FIRST_END_TERM_PROJECT\TEXT_PRODUCTION\Kopie von latex_files_1\THESIS\turb
ulence_impact.aux")
("F:\FIRST_END_TERM_PROJECT\TEXT_PRODUCTION\Kopie von latex_files_1\THESIS\bp_e
rror.aux"))
LaTeX Font Info:    Checking defaults for OML/cmm/m/it on input line 139.
LaTeX Font Info:    ... okay on input line 139.
LaTeX Font Info:    Checking defaults for T1/cmr/m/n on input line 139.
LaTeX Font Info:    ... okay on input line 139.
LaTeX Font Info:    Checking defaults for OT1/cmr/m/n on input line 139.
LaTeX Font Info:    ... okay on input line 139.
LaTeX Font Info:    Checking defaults for OMS/cmsy/m/n on input line 139.
LaTeX Font Info:    ... okay on input line 139.
LaTeX Font Info:    Checking defaults for OMX/cmex/m/n on input line 139.
LaTeX Font Info:    ... okay on input line 139.
LaTeX Font Info:    Checking defaults for U/cmr/m/n on input line 139.
LaTeX Font Info:    ... okay on input line 139.
 ("C:\Program Files\MiKTeX 2.8\tex\context\base\supp-pdf.tex"
[Loading MPS to PDF converter (version 2006.09.02).]
\scratchcounter=\count127
\scratchdimen=\dimen150
\scratchbox=\box37
\nofMPsegments=\count128
\nofMParguments=\count129
\everyMPshowfont=\toks38
\MPscratchCnt=\count130
\MPscratchDim=\dimen151
\MPnumerator=\count131
\everyMPtoPDFconversion=\toks39
)
*geometry* driver: auto-detecting
*geometry* detected driver: pdftex
*geometry* verbose mode - [ preamble ] result:
* driver: pdftex
* paper: a4paper
* layout: <same size as paper>
* layoutoffset:(h,v)=(0.0pt,0.0pt)
* modes: 
* h-part:(L,W,R)=(79.66771pt, 438.17245pt, 79.66771pt)
* v-part:(T,H,B)=(82.51299pt, 680.02087pt, 82.51299pt)
* \paperwidth=597.50787pt
* \paperheight=845.04684pt
* \textwidth=438.17245pt
* \textheight=680.02087pt
* \oddsidemargin=7.39772pt
* \evensidemargin=7.39772pt
* \topmargin=-26.757pt
* \headheight=12.0pt
* \headsep=25.0pt
* \topskip=12.0pt
* \footskip=30.0pt
* \marginparwidth=35.0pt
* \marginparsep=10.0pt
* \columnsep=10.0pt
* \skip\footins=10.8pt plus 4.0pt minus 2.0pt
* \hoffset=0.0pt
* \voffset=0.0pt
* \mag=1000
* \@twocolumnfalse
* \@twosidefalse
* \@mparswitchfalse
* \@reversemarginfalse
* (1in=72.27pt=25.4mm, 1cm=28.453pt)

Package caption Info: Begin \AtBeginDocument code.
Package caption Info: subfig package v1.3 is loaded.
Package caption Info: float package is loaded.
Package caption Info: longtable package is loaded.
("C:\Program Files\MiKTeX 2.8\tex\latex\caption\ltcaption.sty"
Package: ltcaption 2011/09/12 v1.3 longtable captions (AR)
)
Package caption Info: supertabular package is loaded.
Package caption Info: End \AtBeginDocument code.

("C:\Program Files\MiKTeX 2.8\tex\latex\glossaries\dict\glossaries-dictionary-E
nglish.dict"
Dictionary: glossaries-dictionary, Language: English 
)
("F:\FIRST_END_TERM_PROJECT\TEXT_PRODUCTION\Kopie von latex_files_1\THESIS\titl
e_page.tex"
("F:\FIRST_END_TERM_PROJECT\TEXT_PRODUCTION\Kopie von latex_files_1\THESIS\iff_
logo.pdf_tex"

pdfTeX warning: pdflatex (file F:/FIRST_END_TERM_PROJECT/TEXT_PRODUCTION/Kopie 
von latex_files_1/THESIS/iff_logo.pdf): PDF inclusion: found PDF version <1.5>,
 but at most version <1.4> allowed
<iff_logo.pdf, id=1, 142.26376pt x 42.67914pt>
File: iff_logo.pdf Graphic file (type pdf)
 <use iff_logo.pdf>
Package pdftex.def Info: iff_logo.pdf used on input line 52.
(pdftex.def)             Requested size: 142.26376pt x 42.68292pt.
)
LaTeX Font Info:    Try loading font information for U+lasy on input line 5.

("C:\Program Files\MiKTeX 2.8\tex\latex\base\ulasy.fd"
File: ulasy.fd 1998/08/17 v2.2e LaTeX symbol font definitions
)
LaTeX Font Info:    Try loading font information for U+rsfs on input line 5.

("C:\Program Files\MiKTeX 2.8\tex\latex\jknappen\ursfs.fd"
File: ursfs.fd 1998/03/24 rsfs font definition file (jk)
)
("F:\FIRST_END_TERM_PROJECT\TEXT_PRODUCTION\Kopie von latex_files_1\THESIS\airb
uslogo.pdf_tex"

pdfTeX warning: pdflatex (file F:/FIRST_END_TERM_PROJECT/TEXT_PRODUCTION/Kopie 
von latex_files_1/THESIS/airbuslogo.pdf): PDF inclusion: found PDF version <1.5
>, but at most version <1.4> allowed
<airbuslogo.pdf, id=3, 170.71654pt x 39.83385pt>
File: airbuslogo.pdf Graphic file (type pdf)
 <use airbuslogo.pdf>
Package pdftex.def Info: airbuslogo.pdf used on input line 52.
(pdftex.def)             Requested size: 170.71652pt x 39.83676pt.
)
Underfull \hbox (badness 10000) in paragraph at lines 22--26

 []

[1
Non-PDF special ignored!

{C:/ProgramData/MiKTeX/2.8/pdftex/config/pdftex.map} <F:/FIRST_END_TERM_PROJECT
/TEXT_PRODUCTION/Kopie von latex_files_1/THESIS/iff_logo.pdf> <F:/FIRST_END_TER
M_PROJECT/TEXT_PRODUCTION/Kopie von latex_files_1/THESIS/airbuslogo.pdf>])
Underfull \hbox (badness 10000) in paragraph at lines 144--161

 []


Underfull \hbox (badness 10000) in paragraph at lines 144--161

 []


Underfull \hbox (badness 10000) in paragraph at lines 144--161

 []


Underfull \hbox (badness 10000) in paragraph at lines 144--161

 []


Underfull \hbox (badness 10000) in paragraph at lines 144--161

 []


Underfull \hbox (badness 10000) in paragraph at lines 144--161

 []


Underfull \hbox (badness 10000) in paragraph at lines 144--161

 []

[1]
("F:\FIRST_END_TERM_PROJECT\TEXT_PRODUCTION\Kopie von latex_files_1\THESIS\THES
IS.toc" [2

])
\tf@toc=\write7
 [3]
("F:\FIRST_END_TERM_PROJECT\TEXT_PRODUCTION\Kopie von latex_files_1\THESIS\THES
IS.lof" [4

])
\tf@lof=\write8
 [5]
("F:\FIRST_END_TERM_PROJECT\TEXT_PRODUCTION\Kopie von latex_files_1\THESIS\THES
IS.nls" [6

]) [7]
Chapter 1.

("F:\FIRST_END_TERM_PROJECT\TEXT_PRODUCTION\Kopie von latex_files_1\THESIS\semi
_automatic_landing.pdf_tex"

pdfTeX warning: pdflatex (file F:/FIRST_END_TERM_PROJECT/TEXT_PRODUCTION/Kopie 
von latex_files_1/THESIS/semi_automatic_landing.pdf): PDF inclusion: found PDF 
version <1.5>, but at most version <1.4> allowed
<semi_automatic_landing.pdf, id=49, 432.48187pt x 147.95433pt>
File: semi_automatic_landing.pdf Graphic file (type pdf)

<use semi_automatic_landing.pdf>
Package pdftex.def Info: semi_automatic_landing.pdf used on input line 52.
(pdftex.def)             Requested size: 432.48186pt x 147.9562pt.
)
Overfull \hbox (1.10939pt too wide) in paragraph at lines 184--185
[]  
 []

[8

] [9 <F:/FIRST_END_TERM_PROJECT/TEXT_PRODUCTION/Kopie von latex_files_1/THESIS/
semi_automatic_landing.pdf>] [10]
Chapter 2.

("F:\FIRST_END_TERM_PROJECT\TEXT_PRODUCTION\Kopie von latex_files_1\THESIS\geom
_flare_path.pdf_tex"

pdfTeX warning: pdflatex (file F:/FIRST_END_TERM_PROJECT/TEXT_PRODUCTION/Kopie 
von latex_files_1/THESIS/geom_flare_path.pdf): PDF inclusion: found PDF version
 <1.5>, but at most version <1.4> allowed
<geom_flare_path.pdf, id=61, 429.63661pt x 145.10905pt>
File: geom_flare_path.pdf Graphic file (type pdf)

<use geom_flare_path.pdf>
Package pdftex.def Info: geom_flare_path.pdf used on input line 52.
(pdftex.def)             Requested size: 429.63661pt x 145.1109pt.
) [11

]
Underfull \hbox (badness 10000) in paragraph at lines 209--211

 []


("F:\FIRST_END_TERM_PROJECT\TEXT_PRODUCTION\Kopie von latex_files_1\THESIS\bsb_
automatic_flare.pdf_tex"

pdfTeX warning: pdflatex (file F:/FIRST_END_TERM_PROJECT/TEXT_PRODUCTION/Kopie 
von latex_files_1/THESIS/bsb_automatic_flare.pdf): PDF inclusion: found PDF ver
sion <1.5>, but at most version <1.4> allowed
<bsb_automatic_flare.pdf, id=66, 432.48187pt x 110.96576pt>
File: bsb_automatic_flare.pdf Graphic file (type pdf)

<use bsb_automatic_flare.pdf>
Package pdftex.def Info: bsb_automatic_flare.pdf used on input line 52.
(pdftex.def)             Requested size: 432.48186pt x 110.96715pt.
) [12 <F:/FIRST_END_TERM_PROJECT/TEXT_PRODUCTION/Kopie von latex_files_1/THESIS
/geom_flare_path.pdf>] [13 <F:/FIRST_END_TERM_PROJECT/TEXT_PRODUCTION/Kopie von
 latex_files_1/THESIS/bsb_automatic_flare.pdf>]
[14]
Underfull \hbox (badness 10000) in paragraph at lines 295--297

 []


("F:\FIRST_END_TERM_PROJECT\TEXT_PRODUCTION\Kopie von latex_files_1\THESIS\GAMG
L_impact.tex"
Package epstopdf Info: Source file: <GAMGL_impact.eps>
(epstopdf)                    date: 2012-04-24 08:37:04
(epstopdf)                    size: 20380 bytes
(epstopdf)             Output file: <GAMGL_impact-eps-converted-to.pdf>
(epstopdf)                    date: 2012-04-24 08:37:30
(epstopdf)                    size: 5138 bytes
(epstopdf)             Command: <epstopdf --outfile=GAMGL_impact-eps-converted-
to.pdf GAMGL_impact.eps>
(epstopdf)             \includegraphics on input line 121.
Package epstopdf Info: Output file is already uptodate.

<GAMGL_impact-eps-converted-to.pdf, id=83, 454.69875pt x 170.6375pt>
File: GAMGL_impact-eps-converted-to.pdf Graphic file (type pdf)

<use GAMGL_impact-eps-converted-to.pdf>
Package pdftex.def Info: GAMGL_impact-eps-converted-to.pdf used on input line 1
21.
(pdftex.def)             Requested size: 454.69763pt x 170.63707pt.
)
Overfull \hbox (17.01599pt too wide) in paragraph at lines 123--323
[][] 
 []


("F:\FIRST_END_TERM_PROJECT\TEXT_PRODUCTION\Kopie von latex_files_1\THESIS\V_GN
D_impact.tex"
Package epstopdf Info: Source file: <V_GND_impact.eps>
(epstopdf)                    date: 2012-04-24 08:37:06
(epstopdf)                    size: 19865 bytes
(epstopdf)             Output file: <V_GND_impact-eps-converted-to.pdf>
(epstopdf)                    date: 2012-04-24 08:37:30
(epstopdf)                    size: 5074 bytes
(epstopdf)             Command: <epstopdf --outfile=V_GND_impact-eps-converted-
to.pdf V_GND_impact.eps>
(epstopdf)             \includegraphics on input line 103.
Package epstopdf Info: Output file is already uptodate.

<V_GND_impact-eps-converted-to.pdf, id=84, 454.69875pt x 170.6375pt>
File: V_GND_impact-eps-converted-to.pdf Graphic file (type pdf)

<use V_GND_impact-eps-converted-to.pdf>
Package pdftex.def Info: V_GND_impact-eps-converted-to.pdf used on input line 1
03.
(pdftex.def)             Requested size: 454.69763pt x 170.63707pt.
)
Overfull \hbox (17.01599pt too wide) in paragraph at lines 105--328
[][] 
 []

[15] [16 <F:/FIRST_END_TERM_PROJECT/TEXT_PRODUCTION/Kopie von latex_files_1/THE
SIS/GAMGL_impact-eps-converted-to.pdf> <F:/FIRST_END_TERM_PROJECT/TEXT_PRODUCTI
ON/Kopie von latex_files_1/THESIS/V_GND_impact-eps-converted-to.pdf>]
("F:\FIRST_END_TERM_PROJECT\TEXT_PRODUCTION\Kopie von latex_files_1\THESIS\rwy_
slope_1.pdf_tex"

pdfTeX warning: pdflatex (file F:/FIRST_END_TERM_PROJECT/TEXT_PRODUCTION/Kopie 
von latex_files_1/THESIS/rwy_slope_1.pdf): PDF inclusion: found PDF version <1.
5>, but at most version <1.4> allowed
<rwy_slope_1.pdf, id=95, 170.71654pt x 113.81102pt>
File: rwy_slope_1.pdf Graphic file (type pdf)
 <use rwy_slope_1.pdf>
Package pdftex.def Info: rwy_slope_1.pdf used on input line 52.
(pdftex.def)             Requested size: 170.71652pt x 113.81941pt.
)
("F:\FIRST_END_TERM_PROJECT\TEXT_PRODUCTION\Kopie von latex_files_1\THESIS\rwy_
slope_2.pdf_tex"

pdfTeX warning: pdflatex (file F:/FIRST_END_TERM_PROJECT/TEXT_PRODUCTION/Kopie 
von latex_files_1/THESIS/rwy_slope_2.pdf): PDF inclusion: found PDF version <1.
5>, but at most version <1.4> allowed
<rwy_slope_2.pdf, id=97, 170.71654pt x 113.81102pt>
File: rwy_slope_2.pdf Graphic file (type pdf)
 <use rwy_slope_2.pdf>
Package pdftex.def Info: rwy_slope_2.pdf used on input line 52.
(pdftex.def)             Requested size: 170.71652pt x 113.81941pt.
)
("F:\FIRST_END_TERM_PROJECT\TEXT_PRODUCTION\Kopie von latex_files_1\THESIS\GAMP
IST_impact.tex"
Package epstopdf Info: Source file: <gampist_impact.eps>
(epstopdf)                    date: 2012-04-24 08:37:04
(epstopdf)                    size: 18933 bytes
(epstopdf)             Output file: <gampist_impact-eps-converted-to.pdf>
(epstopdf)                    date: 2012-04-24 08:37:32
(epstopdf)                    size: 4966 bytes
(epstopdf)             Command: <epstopdf --outfile=gampist_impact-eps-converte
d-to.pdf gampist_impact.eps>
(epstopdf)             \includegraphics on input line 103.
Package epstopdf Info: Output file is already uptodate.

<gampist_impact-eps-converted-to.pdf, id=99, 454.69875pt x 170.6375pt>
File: gampist_impact-eps-converted-to.pdf Graphic file (type pdf)

<use gampist_impact-eps-converted-to.pdf>
Package pdftex.def Info: gampist_impact-eps-converted-to.pdf used on input line
 103.
(pdftex.def)             Requested size: 454.69763pt x 170.63707pt.

Overfull \hbox (17.01599pt too wide) in paragraph at lines 105--107
[][] 
 []

) [17 <F:/FIRST_END_TERM_PROJECT/TEXT_PRODUCTION/Kopie von latex_files_1/THESIS
/rwy_slope_1.pdf> <F:/FIRST_END_TERM_PROJECT/TEXT_PRODUCTION/Kopie von latex_fi
les_1/THESIS/rwy_slope_2.pdf> <F:/FIRST_END_TERM_PROJECT/TEXT_PRODUCTION/Kopie 
von latex_files_1/THESIS/gampist_impact-eps-converted-to.pdf>]
("F:\FIRST_END_TERM_PROJECT\TEXT_PRODUCTION\Kopie von latex_files_1\THESIS\turb
ulence_impact.tex"
Package epstopdf Info: Source file: <turbulence_impact.eps>
(epstopdf)                    date: 2012-04-24 08:37:04
(epstopdf)                    size: 19652 bytes
(epstopdf)             Output file: <turbulence_impact-eps-converted-to.pdf>
(epstopdf)                    date: 2012-04-24 08:37:34
(epstopdf)                    size: 5096 bytes
(epstopdf)             Command: <epstopdf --outfile=turbulence_impact-eps-conve
rted-to.pdf turbulence_impact.eps>
(epstopdf)             \includegraphics on input line 105.
Package epstopdf Info: Output file is already uptodate.

<turbulence_impact-eps-converted-to.pdf, id=108, 454.69875pt x 155.58125pt>
File: turbulence_impact-eps-converted-to.pdf Graphic file (type pdf)

<use turbulence_impact-eps-converted-to.pdf>
Package pdftex.def Info: turbulence_impact-eps-converted-to.pdf used on input l
ine 105.
(pdftex.def)             Requested size: 454.69763pt x 155.58086pt.
)
Overfull \hbox (17.01599pt too wide) in paragraph at lines 107--387
[][] 
 []


Underfull \hbox (badness 10000) in paragraph at lines 383--389

 []


Underfull \hbox (badness 10000) in paragraph at lines 391--395

 []

[18


 <F:/FIRST_END_TERM_PROJECT/TEXT_PRODUCTION/Kopie von latex_files_1/THESIS/turb
ulence_impact-eps-converted-to.pdf>] [19]
("F:\FIRST_END_TERM_PROJECT\TEXT_PRODUCTION\Kopie von latex_files_1\THESIS\fuzz
ification.tex"
Package epstopdf Info: Source file: <fuzzification.eps>
(epstopdf)                    date: 2012-04-22 14:45:40
(epstopdf)                    size: 31224 bytes
(epstopdf)             Output file: <fuzzification-eps-converted-to.pdf>
(epstopdf)                    date: 2012-04-22 14:45:58
(epstopdf)                    size: 3611 bytes
(epstopdf)             Command: <epstopdf --outfile=fuzzification-eps-converted
-to.pdf fuzzification.eps>
(epstopdf)             \includegraphics on input line 267.
Package epstopdf Info: Output file is already uptodate.

<fuzzification-eps-converted-to.pdf, id=119, 508.90125pt x 110.4125pt>
File: fuzzification-eps-converted-to.pdf Graphic file (type pdf)

<use fuzzification-eps-converted-to.pdf>
Package pdftex.def Info: fuzzification-eps-converted-to.pdf used on input line 
267.
(pdftex.def)             Requested size: 508.90001pt x 110.41222pt.
)
Overfull \hbox (88.64064pt too wide) in paragraph at lines 269--453
[][] 
 []

[20]
("F:\FIRST_END_TERM_PROJECT\TEXT_PRODUCTION\Kopie von latex_files_1\THESIS\dedu
ction_of_system_output.tex"
Package epstopdf Info: Source file: <deduction_of_system_output.eps>
(epstopdf)                    date: 2012-04-25 19:46:28
(epstopdf)                    size: 47940 bytes
(epstopdf)             Output file: <deduction_of_system_output-eps-converted-t
o.pdf>
(epstopdf)                    date: 2012-04-25 19:47:14
(epstopdf)                    size: 5764 bytes
(epstopdf)             Command: <epstopdf --outfile=deduction_of_system_output-
eps-converted-to.pdf deduction_of_system_output.eps>
(epstopdf)             \includegraphics on input line 401.
Package epstopdf Info: Output file is already uptodate.

<deduction_of_system_output-eps-converted-to.pdf, id=123, 497.86pt x 417.56pt>
File: deduction_of_system_output-eps-converted-to.pdf Graphic file (type pdf)

<use deduction_of_system_output-eps-converted-to.pdf>
Package pdftex.def Info: deduction_of_system_output-eps-converted-to.pdf used o
n input line 401.
(pdftex.def)             Requested size: 497.85878pt x 417.55896pt.
)
Overfull \hbox (77.1982pt too wide) in paragraph at lines 403--487
[][] 
 []

[21 <F:/FIRST_END_TERM_PROJECT/TEXT_PRODUCTION/Kopie von latex_files_1/THESIS/f
uzzification-eps-converted-to.pdf>]
Overfull \hbox (3.74535pt too wide) detected at line 495
\OML/cmm/m/it/12 y \OT1/cmr/m/n/12 = []
 []

[22 <F:/FIRST_END_TERM_PROJECT/TEXT_PRODUCTION/Kopie von latex_files_1/THESIS/d
eduction_of_system_output-eps-converted-to.pdf>]
("F:\FIRST_END_TERM_PROJECT\TEXT_PRODUCTION\Kopie von latex_files_1\THESIS\perc
eptron.pdf_tex"

pdfTeX warning: pdflatex (file F:/FIRST_END_TERM_PROJECT/TEXT_PRODUCTION/Kopie 
von latex_files_1/THESIS/perceptron.pdf): PDF inclusion: found PDF version <1.5
>, but at most version <1.4> allowed
<perceptron.pdf, id=135, 341.43306pt x 142.26376pt>
File: perceptron.pdf Graphic file (type pdf)
 <use perceptron.pdf>
Package pdftex.def Info: perceptron.pdf used on input line 52.
(pdftex.def)             Requested size: 341.43306pt x 142.27426pt.
)
[23 <F:/FIRST_END_TERM_PROJECT/TEXT_PRODUCTION/Kopie von latex_files_1/THESIS/p
erceptron.pdf>]
Underfull \hbox (badness 10000) in paragraph at lines 525--528

 []


("F:\FIRST_END_TERM_PROJECT\TEXT_PRODUCTION\Kopie von latex_files_1\THESIS\ANFI
S_NN.pdf_tex"

pdfTeX warning: pdflatex (file F:/FIRST_END_TERM_PROJECT/TEXT_PRODUCTION/Kopie 
von latex_files_1/THESIS/ANFIS_NN.pdf): PDF inclusion: found PDF version <1.5>,
 but at most version <1.4> allowed
<ANFIS_NN.pdf, id=141, 426.79132pt x 179.25235pt>
File: ANFIS_NN.pdf Graphic file (type pdf)
 <use ANFIS_NN.pdf>
Package pdftex.def Info: ANFIS_NN.pdf used on input line 52.
(pdftex.def)             Requested size: 426.7913pt x 179.25464pt.
) [24]
Underfull \hbox (badness 10000) in paragraph at lines 543--545

 []


Underfull \hbox (badness 10000) in paragraph at lines 561--566

 []

[25 <F:/FIRST_END_TERM_PROJECT/TEXT_PRODUCTION/Kopie von latex_files_1/THESIS/A
NFIS_NN.pdf>] [26]
Overfull \hbox (5.38069pt too wide) detected at line 612
[]
 []

[27]
("F:\FIRST_END_TERM_PROJECT\TEXT_PRODUCTION\Kopie von latex_files_1\THESIS\bp_e
rror.tex"
Package epstopdf Info: Source file: <bp_error.eps>
(epstopdf)                    date: 2012-04-24 08:47:46
(epstopdf)                    size: 25571 bytes
(epstopdf)             Output file: <bp_error-eps-converted-to.pdf>
(epstopdf)                    date: 2012-04-24 08:48:42
(epstopdf)                    size: 3622 bytes
(epstopdf)             Command: <epstopdf --outfile=bp_error-eps-converted-to.p
df bp_error.eps>
(epstopdf)             \includegraphics on input line 187.
Package epstopdf Info: Output file is already uptodate.
 <bp_error-eps-converted-to.pdf, id=157, 426.59375pt x 107.40125pt>
File: bp_error-eps-converted-to.pdf Graphic file (type pdf)

<use bp_error-eps-converted-to.pdf>
Package pdftex.def Info: bp_error-eps-converted-to.pdf used on input line 187.
(pdftex.def)             Requested size: 426.5927pt x 107.40097pt.
) [28


 <F:/FIRST_END_TERM_PROJECT/TEXT_PRODUCTION/Kopie von latex_files_1/THESIS/bp_e
rror-eps-converted-to.pdf>]
Chapter 3.

("F:\FIRST_END_TERM_PROJECT\TEXT_PRODUCTION\Kopie von latex_files_1\THESIS\basi
c_algorithm_structure.pdf_tex"

pdfTeX warning: pdflatex (file F:/FIRST_END_TERM_PROJECT/TEXT_PRODUCTION/Kopie 
von latex_files_1/THESIS/basic_algorithm_structure.pdf): PDF inclusion: found P
DF version <1.5>, but at most version <1.4> allowed
<basic_algorithm_structure.pdf, id=163, 426.79132pt x 113.81102pt>
File: basic_algorithm_structure.pdf Graphic file (type pdf)

<use basic_algorithm_structure.pdf>
Package pdftex.def Info: basic_algorithm_structure.pdf used on input line 52.
(pdftex.def)             Requested size: 426.7913pt x 113.81245pt.
) [29

]
("F:\FIRST_END_TERM_PROJECT\TEXT_PRODUCTION\Kopie von latex_files_1\THESIS\conc
lusion.tex"
Package epstopdf Info: Source file: <conclusion.eps>
(epstopdf)                    date: 2012-04-24 09:31:34
(epstopdf)                    size: 20232 bytes
(epstopdf)             Output file: <conclusion-eps-converted-to.pdf>
(epstopdf)                    date: 2012-04-24 09:32:06
(epstopdf)                    size: 2810 bytes
(epstopdf)             Command: <epstopdf --outfile=conclusion-eps-converted-to
.pdf conclusion.eps>
(epstopdf)             \includegraphics on input line 215.
Package epstopdf Info: Output file is already uptodate.

<conclusion-eps-converted-to.pdf, id=168, 426.59375pt x 226.8475pt>
File: conclusion-eps-converted-to.pdf Graphic file (type pdf)

<use conclusion-eps-converted-to.pdf>
Package pdftex.def Info: conclusion-eps-converted-to.pdf used on input line 215
.
(pdftex.def)             Requested size: 426.5927pt x 226.84694pt.
) [30 <F:/FIRST_END_TERM_PROJECT/TEXT_PRODUCTION/Kopie von latex_files_1/THESIS
/conclusion-eps-converted-to.pdf> <F:/FIRST_END_TERM_PROJECT/TEXT_PRODUCTION/Ko
pie von latex_files_1/THESIS/basic_algorithm_structure.pdf>] [31] [32] [33] [34
] [35] [36]

Package natbib Warning: Citation `Rustenberg' on page 37 undefined on input lin
e 875.

[37]
("F:\FIRST_END_TERM_PROJECT\TEXT_PRODUCTION\Kopie von latex_files_1\THESIS\turb
ulence_estimator.pdf_tex"

pdfTeX warning: pdflatex (file F:/FIRST_END_TERM_PROJECT/TEXT_PRODUCTION/Kopie 
von latex_files_1/THESIS/turbulence_estimator.pdf): PDF inclusion: found PDF ve
rsion <1.5>, but at most version <1.4> allowed
<turbulence_estimator.pdf, id=198, 426.79132pt x 199.1693pt>
File: turbulence_estimator.pdf Graphic file (type pdf)

<use turbulence_estimator.pdf>
Package pdftex.def Info: turbulence_estimator.pdf used on input line 52.
(pdftex.def)             Requested size: 426.7913pt x 199.17183pt.
) [38] [39 <F:/FIRST_END_TERM_PROJECT/TEXT_PRODUCTION/Kopie von latex_files_1/T
HESIS/turbulence_estimator.pdf>]
("F:\FIRST_END_TERM_PROJECT\TEXT_PRODUCTION\Kopie von latex_files_1\THESIS\bell
_function_1.tex"
Package epstopdf Info: Source file: <bell_function_1.eps>
(epstopdf)                    date: 2012-08-09 14:04:58
(epstopdf)                    size: 17817 bytes
(epstopdf)             Output file: <bell_function_1-eps-converted-to.pdf>
(epstopdf)                    date: 2012-08-09 14:05:28
(epstopdf)                    size: 3181 bytes
(epstopdf)             Command: <epstopdf --outfile=bell_function_1-eps-convert
ed-to.pdf bell_function_1.eps>
(epstopdf)             \includegraphics on input line 103.
Package epstopdf Info: Output file is already uptodate.

<bell_function_1-eps-converted-to.pdf, id=207, 468.75125pt x 161.60374pt>
File: bell_function_1-eps-converted-to.pdf Graphic file (type pdf)

<use bell_function_1-eps-converted-to.pdf>
Package pdftex.def Info: bell_function_1-eps-converted-to.pdf used on input lin
e 103.
(pdftex.def)             Requested size: 468.75009pt x 161.60335pt.
)
Overfull \hbox (31.26886pt too wide) in paragraph at lines 105--982
[][] 
 []


("F:\FIRST_END_TERM_PROJECT\TEXT_PRODUCTION\Kopie von latex_files_1\THESIS\tran
sformation.pdf_tex"

pdfTeX warning: pdflatex (file F:/FIRST_END_TERM_PROJECT/TEXT_PRODUCTION/Kopie 
von latex_files_1/THESIS/transformation.pdf): PDF inclusion: found PDF version 
<1.5>, but at most version <1.4> allowed
<transformation.pdf, id=208, 284.52753pt x 48.36967pt>
File: transformation.pdf Graphic file (type pdf)

<use transformation.pdf>
Package pdftex.def Info: transformation.pdf used on input line 52.
(pdftex.def)             Requested size: 284.52754pt x 48.37396pt.
) [40 <F:/FIRST_END_TERM_PROJECT/TEXT_PRODUCTION/Kopie von latex_files_1/THESIS
/bell_function_1-eps-converted-to.pdf> <F:/FIRST_END_TERM_PROJECT/TEXT_PRODUCTI
ON/Kopie von latex_files_1/THESIS/transformation.pdf>]
("F:\FIRST_END_TERM_PROJECT\TEXT_PRODUCTION\Kopie von latex_files_1\THESIS\bell
_function_2.tex"
Package epstopdf Info: Source file: <bell_function_2.eps>
(epstopdf)                    date: 2012-08-09 14:04:58
(epstopdf)                    size: 18083 bytes
(epstopdf)             Output file: <bell_function_2-eps-converted-to.pdf>
(epstopdf)                    date: 2012-08-09 14:05:28
(epstopdf)                    size: 3311 bytes
(epstopdf)             Command: <epstopdf --outfile=bell_function_2-eps-convert
ed-to.pdf bell_function_2.eps>
(epstopdf)             \includegraphics on input line 106.
Package epstopdf Info: Output file is already uptodate.

<bell_function_2-eps-converted-to.pdf, id=216, 468.75125pt x 218.8175pt>
File: bell_function_2-eps-converted-to.pdf Graphic file (type pdf)

<use bell_function_2-eps-converted-to.pdf>
Package pdftex.def Info: bell_function_2-eps-converted-to.pdf used on input lin
e 106.
(pdftex.def)             Requested size: 468.75009pt x 218.81696pt.
)
Overfull \hbox (31.26886pt too wide) in paragraph at lines 108--1030
[][] 
 []

[41 <F:/FIRST_END_TERM_PROJECT/TEXT_PRODUCTION/Kopie von latex_files_1/THESIS/b
ell_function_2-eps-converted-to.pdf>]
! Undefined control sequence.
l.1043 ... the \textit{mean boolean} return \texit
                                                  {true}.\\
The control sequence at the end of the top line
of your error message was never \def'ed. If you have
misspelled it (e.g., `\hobx'), type `I' and the correct
spelling (e.g., `I\hbox'). Otherwise just continue,
and I'll forget about whatever was undefined.

[42]
Chapter 4.

("F:\FIRST_END_TERM_PROJECT\TEXT_PRODUCTION\Kopie von latex_files_1\THESIS\perf
ormance_analytical.tex"
Package epstopdf Info: Source file: <performance_analytical.eps>
(epstopdf)                    date: 2012-04-24 08:01:36
(epstopdf)                    size: 72025 bytes
(epstopdf)             Output file: <performance_analytical-eps-converted-to.pd
f>
(epstopdf)                    date: 2012-04-24 08:05:24
(epstopdf)                    size: 74829 bytes
(epstopdf)             Command: <epstopdf --outfile=performance_analytical-eps-
converted-to.pdf performance_analytical.eps>
(epstopdf)             \includegraphics on input line 107.
Package epstopdf Info: Output file is already uptodate.

<performance_analytical-eps-converted-to.pdf, id=228, 454.69875pt x 198.7425pt>
File: performance_analytical-eps-converted-to.pdf Graphic file (type pdf)
<use performance_analytical-eps-converted-to.pdf>
Package pdftex.def Info: performance_analytical-eps-converted-to.pdf used on in
put line 107.
(pdftex.def)             Requested size: 454.69763pt x 198.742pt.
)
Overfull \hbox (17.01599pt too wide) in paragraph at lines 109--1057
[][] 
 []

[43

]
("F:\FIRST_END_TERM_PROJECT\TEXT_PRODUCTION\Kopie von latex_files_1\THESIS\perf
ormance_fis.tex"
Package epstopdf Info: Source file: <performance_fis.eps>
(epstopdf)                    date: 2012-04-24 08:01:36
(epstopdf)                    size: 71678 bytes
(epstopdf)             Output file: <performance_fis-eps-converted-to.pdf>
(epstopdf)                    date: 2012-04-24 08:05:26
(epstopdf)                    size: 74653 bytes
(epstopdf)             Command: <epstopdf --outfile=performance_fis-eps-convert
ed-to.pdf performance_fis.eps>
(epstopdf)             \includegraphics on input line 107.
Package epstopdf Info: Output file is already uptodate.

<performance_fis-eps-converted-to.pdf, id=232, 454.69875pt x 198.7425pt>
File: performance_fis-eps-converted-to.pdf Graphic file (type pdf)

<use performance_fis-eps-converted-to.pdf>
Package pdftex.def Info: performance_fis-eps-converted-to.pdf used on input lin
e 107.
(pdftex.def)             Requested size: 454.69763pt x 198.742pt.
)
Overfull \hbox (17.01599pt too wide) in paragraph at lines 109--1063
[][] 
 []

[44 <F:/FIRST_END_TERM_PROJECT/TEXT_PRODUCTION/Kopie von latex_files_1/THESIS/p
erformance_analytical-eps-converted-to.pdf> <F:/FIRST_END_TERM_PROJECT/TEXT_PRO
DUCTION/Kopie von latex_files_1/THESIS/performance_fis-eps-converted-to.pdf>]
("F:\FIRST_END_TERM_PROJECT\TEXT_PRODUCTION\Kopie von latex_files_1\THESIS\perf
ormance_analytical_GAMGL.tex"
Package epstopdf Info: Source file: <performance_analytical_GAMGL.eps>
(epstopdf)                    date: 2012-04-24 08:01:38
(epstopdf)                    size: 23007 bytes
(epstopdf)             Output file: <performance_analytical_GAMGL-eps-converted
-to.pdf>
(epstopdf)                    date: 2012-04-24 08:05:28
(epstopdf)                    size: 6776 bytes
(epstopdf)             Command: <epstopdf --outfile=performance_analytical_GAMG
L-eps-converted-to.pdf performance_analytical_GAMGL.eps>
(epstopdf)             \includegraphics on input line 125.
Package epstopdf Info: Output file is already uptodate.

<performance_analytical_GAMGL-eps-converted-to.pdf, id=240, 454.69875pt x 170.6
375pt>
File: performance_analytical_GAMGL-eps-converted-to.pdf Graphic file (type pdf)

 <use performance_analytical_GAMGL-eps-converted-to.pdf>
Package pdftex.def Info: performance_analytical_GAMGL-eps-converted-to.pdf used
 on input line 125.
(pdftex.def)             Requested size: 454.69763pt x 170.63707pt.
)
Overfull \hbox (17.01599pt too wide) in paragraph at lines 127--1072
[][] 
 []


("F:\FIRST_END_TERM_PROJECT\TEXT_PRODUCTION\Kopie von latex_files_1\THESIS\perf
ormance_analytical_GAMPIST.tex"
Package epstopdf Info: Source file: <performance_analytical_GAMPIST.eps>
(epstopdf)                    date: 2012-08-09 11:59:40
(epstopdf)                    size: 21313 bytes
(epstopdf)             Output file: <performance_analytical_GAMPIST-eps-convert
ed-to.pdf>
(epstopdf)                    date: 2012-08-09 12:00:46
(epstopdf)                    size: 6915 bytes
(epstopdf)             Command: <epstopdf --outfile=performance_analytical_GAMP
IST-eps-converted-to.pdf performance_analytical_GAMPIST.eps>
(epstopdf)             \includegraphics on input line 107.
Package epstopdf Info: Output file is already uptodate.

<performance_analytical_GAMPIST-eps-converted-to.pdf, id=241, 454.69875pt x 170
.6375pt>
File: performance_analytical_GAMPIST-eps-converted-to.pdf Graphic file (type pd
f)
 <use performance_analytical_GAMPIST-eps-converted-to.pdf>
Package pdftex.def Info: performance_analytical_GAMPIST-eps-converted-to.pdf us
ed on input line 107.
(pdftex.def)             Requested size: 454.69763pt x 170.63707pt.
)
Overfull \hbox (17.01599pt too wide) in paragraph at lines 109--1078
[][] 
 []


("F:\FIRST_END_TERM_PROJECT\TEXT_PRODUCTION\Kopie von latex_files_1\THESIS\perf
ormance_analytical_V_GND.tex"
Package epstopdf Info: Source file: <performance_analytical_V_GND.eps>
(epstopdf)                    date: 2012-04-24 08:01:38
(epstopdf)                    size: 22892 bytes
(epstopdf)             Output file: <performance_analytical_V_GND-eps-converted
-to.pdf>
(epstopdf)                    date: 2012-04-24 08:05:30
(epstopdf)                    size: 7052 bytes
(epstopdf)             Command: <epstopdf --outfile=performance_analytical_V_GN
D-eps-converted-to.pdf performance_analytical_V_GND.eps>
(epstopdf)             \includegraphics on input line 113.
Package epstopdf Info: Output file is already uptodate.

<performance_analytical_V_GND-eps-converted-to.pdf, id=242, 454.69875pt x 170.6
375pt>
File: performance_analytical_V_GND-eps-converted-to.pdf Graphic file (type pdf)

 <use performance_analytical_V_GND-eps-converted-to.pdf>
Package pdftex.def Info: performance_analytical_V_GND-eps-converted-to.pdf used
 on input line 113.
(pdftex.def)             Requested size: 454.69763pt x 170.63707pt.
)
Overfull \hbox (17.01599pt too wide) in paragraph at lines 115--1084
[][] 
 []


("F:\FIRST_END_TERM_PROJECT\TEXT_PRODUCTION\Kopie von latex_files_1\THESIS\perf
ormance_fis_GAMGL.tex"
Package epstopdf Info: Source file: <performance_fis_GAMGL.eps>
(epstopdf)                    date: 2012-04-24 08:01:38
(epstopdf)                    size: 23077 bytes
(epstopdf)             Output file: <performance_fis_GAMGL-eps-converted-to.pdf
>
(epstopdf)                    date: 2012-04-24 08:05:32
(epstopdf)                    size: 8146 bytes
(epstopdf)             Command: <epstopdf --outfile=performance_fis_GAMGL-eps-c
onverted-to.pdf performance_fis_GAMGL.eps>
(epstopdf)             \includegraphics on input line 125.
Package epstopdf Info: Output file is already uptodate.

<performance_fis_GAMGL-eps-converted-to.pdf, id=243, 454.69875pt x 170.6375pt>
File: performance_fis_GAMGL-eps-converted-to.pdf Graphic file (type pdf)

<use performance_fis_GAMGL-eps-converted-to.pdf>
Package pdftex.def Info: performance_fis_GAMGL-eps-converted-to.pdf used on inp
ut line 125.
(pdftex.def)             Requested size: 454.69763pt x 170.63707pt.
)
Overfull \hbox (17.01599pt too wide) in paragraph at lines 127--1090
[][] 
 []


("F:\FIRST_END_TERM_PROJECT\TEXT_PRODUCTION\Kopie von latex_files_1\THESIS\perf
ormance_fis_GAMPIST.tex"
Package epstopdf Info: Source file: <performance_fis_GAMPIST.eps>
(epstopdf)                    date: 2012-04-24 08:01:38
(epstopdf)                    size: 21410 bytes
(epstopdf)             Output file: <performance_fis_GAMPIST-eps-converted-to.p
df>
(epstopdf)                    date: 2012-04-24 08:05:34
(epstopdf)                    size: 8572 bytes
(epstopdf)             Command: <epstopdf --outfile=performance_fis_GAMPIST-eps
-converted-to.pdf performance_fis_GAMPIST.eps>
(epstopdf)             \includegraphics on input line 107.
Package epstopdf Info: Output file is already uptodate.

<performance_fis_GAMPIST-eps-converted-to.pdf, id=244, 454.69875pt x 170.6375pt
>
File: performance_fis_GAMPIST-eps-converted-to.pdf Graphic file (type pdf)
 <use performance_fis_GAMPIST-eps-converted-to.pdf>
Package pdftex.def Info: performance_fis_GAMPIST-eps-converted-to.pdf used on i
nput line 107.
(pdftex.def)             Requested size: 454.69763pt x 170.63707pt.
)
Overfull \hbox (17.01599pt too wide) in paragraph at lines 109--1096
[][] 
 []

[45 <F:/FIRST_END_TERM_PROJECT/TEXT_PRODUCTION/Kopie von latex_files_1/THESIS/p
erformance_analytical_GAMGL-eps-converted-to.pdf> <F:/FIRST_END_TERM_PROJECT/TE
XT_PRODUCTION/Kopie von latex_files_1/THESIS/performance_analytical_GAMPIST-eps
-converted-to.pdf> <F:/FIRST_END_TERM_PROJECT/TEXT_PRODUCTION/Kopie von latex_f
iles_1/THESIS/performance_analytical_V_GND-eps-converted-to.pdf>]
("F:\FIRST_END_TERM_PROJECT\TEXT_PRODUCTION\Kopie von latex_files_1\THESIS\perf
ormance_fis_V_GND.tex"
Package epstopdf Info: Source file: <performance_fis_V_GND.eps>
(epstopdf)                    date: 2012-04-24 08:01:38
(epstopdf)                    size: 21954 bytes
(epstopdf)             Output file: <performance_fis_V_GND-eps-converted-to.pdf
>
(epstopdf)                    date: 2012-04-24 08:05:36
(epstopdf)                    size: 8186 bytes
(epstopdf)             Command: <epstopdf --outfile=performance_fis_V_GND-eps-c
onverted-to.pdf performance_fis_V_GND.eps>
(epstopdf)             \includegraphics on input line 107.
Package epstopdf Info: Output file is already uptodate.

<performance_fis_V_GND-eps-converted-to.pdf, id=254, 454.69875pt x 170.6375pt>
File: performance_fis_V_GND-eps-converted-to.pdf Graphic file (type pdf)

<use performance_fis_V_GND-eps-converted-to.pdf>
Package pdftex.def Info: performance_fis_V_GND-eps-converted-to.pdf used on inp
ut line 107.
(pdftex.def)             Requested size: 454.69763pt x 170.63707pt.
)
Overfull \hbox (17.01599pt too wide) in paragraph at lines 109--1102
[][] 
 []

[46 <F:/FIRST_END_TERM_PROJECT/TEXT_PRODUCTION/Kopie von latex_files_1/THESIS/p
erformance_fis_GAMGL-eps-converted-to.pdf> <F:/FIRST_END_TERM_PROJECT/TEXT_PROD
UCTION/Kopie von latex_files_1/THESIS/performance_fis_GAMPIST-eps-converted-to.
pdf> <F:/FIRST_END_TERM_PROJECT/TEXT_PRODUCTION/Kopie von latex_files_1/THESIS/
performance_fis_V_GND-eps-converted-to.pdf>]
("F:\FIRST_END_TERM_PROJECT\TEXT_PRODUCTION\Kopie von latex_files_1\THESIS\bene
fit.tex"
Package epstopdf Info: Source file: <benefit.eps>
(epstopdf)                    date: 2012-04-24 08:01:38
(epstopdf)                    size: 59340 bytes
(epstopdf)             Output file: <benefit-eps-converted-to.pdf>
(epstopdf)                    date: 2012-04-24 08:05:36
(epstopdf)                    size: 58661 bytes
(epstopdf)             Command: <epstopdf --outfile=benefit-eps-converted-to.pd
f benefit.eps>
(epstopdf)             \includegraphics on input line 105.
Package epstopdf Info: Output file is already uptodate.
 <benefit-eps-converted-to.pdf, id=264, 454.69875pt x 226.8475pt>
File: benefit-eps-converted-to.pdf Graphic file (type pdf)

<use benefit-eps-converted-to.pdf>
Package pdftex.def Info: benefit-eps-converted-to.pdf used on input line 105.
(pdftex.def)             Requested size: 454.69763pt x 226.84694pt.
)
Overfull \hbox (17.01599pt too wide) in paragraph at lines 107--1114
[][] 
 []


("F:\FIRST_END_TERM_PROJECT\TEXT_PRODUCTION\Kopie von latex_files_1\THESIS\vert
ical_wind_estimation_1.tex"
Package epstopdf Info: Source file: <vertical_wind_estimation_1.eps>
(epstopdf)                    date: 2012-04-24 08:02:16
(epstopdf)                    size: 59717 bytes
(epstopdf)             Output file: <vertical_wind_estimation_1-eps-converted-t
o.pdf>
(epstopdf)                    date: 2012-04-24 08:05:38
(epstopdf)                    size: 20659 bytes
(epstopdf)             Command: <epstopdf --outfile=vertical_wind_estimation_1-
eps-converted-to.pdf vertical_wind_estimation_1.eps>
(epstopdf)             \includegraphics on input line 162.
Package epstopdf Info: Output file is already uptodate.

<vertical_wind_estimation_1-eps-converted-to.pdf, id=265, 426.59375pt x 454.698
75pt>
File: vertical_wind_estimation_1-eps-converted-to.pdf Graphic file (type pdf)
 <use vertical_wind_estimation_1-eps-converted-to.pdf>
Package pdftex.def Info: vertical_wind_estimation_1-eps-converted-to.pdf used o
n input line 162.
(pdftex.def)             Requested size: 426.5927pt x 454.69763pt.
) [47 <F:/FIRST_END_TERM_PROJECT/TEXT_PRODUCTION/Kopie von latex_files_1/THESIS
/benefit-eps-converted-to.pdf>] [48 <F:/FIRST_END_TERM_PROJECT/TEXT_PRODUCTION/
Kopie von latex_files_1/THESIS/vertical_wind_estimation_1-eps-converted-to.pdf>
]
("F:\FIRST_END_TERM_PROJECT\TEXT_PRODUCTION\Kopie von latex_files_1\THESIS\glob
al_performance.tex"
Package epstopdf Info: Source file: <global_performance.eps>
(epstopdf)                    date: 2012-04-24 08:01:38
(epstopdf)                    size: 17938 bytes
(epstopdf)             Output file: <global_performance-eps-converted-to.pdf>
(epstopdf)                    date: 2012-04-24 08:05:40
(epstopdf)                    size: 3057 bytes
(epstopdf)             Command: <epstopdf --outfile=global_performance-eps-conv
erted-to.pdf global_performance.eps>
(epstopdf)             \includegraphics on input line 113.
Package epstopdf Info: Output file is already uptodate.

<global_performance-eps-converted-to.pdf, id=277, 454.69875pt x 226.8475pt>
File: global_performance-eps-converted-to.pdf Graphic file (type pdf)

<use global_performance-eps-converted-to.pdf>
Package pdftex.def Info: global_performance-eps-converted-to.pdf used on input 
line 113.
(pdftex.def)             Requested size: 454.69763pt x 226.84694pt.
)
Overfull \hbox (17.01599pt too wide) in paragraph at lines 115--1135
[][] 
 []

[49] [50 <F:/FIRST_END_TERM_PROJECT/TEXT_PRODUCTION/Kopie von latex_files_1/THE
SIS/global_performance-eps-converted-to.pdf>]
Chapter 5.
[51

] [52]
("F:\FIRST_END_TERM_PROJECT\TEXT_PRODUCTION\Kopie von latex_files_1\THESIS\THES
IS.bbl")
! Undefined control sequence.
l.1153 \nocitet
               {Slawinski1999}
The control sequence at the end of the top line
of your error message was never \def'ed. If you have
misspelled it (e.g., `\hobx'), type `I' and the correct
spelling (e.g., `I\hbox'). Otherwise just continue,
and I'll forget about whatever was undefined.


Package natbib Warning: There were undefined citations.


Package glossaries Warning: No \printglossary or \printglossaries found.
This document will not have a glossary.

[53

]
("F:\FIRST_END_TERM_PROJECT\TEXT_PRODUCTION\Kopie von latex_files_1\THESIS\THES
IS.aux"
("F:\FIRST_END_TERM_PROJECT\TEXT_PRODUCTION\Kopie von latex_files_1\THESIS\turb
ulence_impact.aux")
("F:\FIRST_END_TERM_PROJECT\TEXT_PRODUCTION\Kopie von latex_files_1\THESIS\bp_e
rror.aux")

Package natbib Warning: Citation(s) may have changed.
(natbib)                Rerun to get citations correct.

) ) 
Here is how much of TeX's memory you used:
 8246 strings out of 495285
 129955 string characters out of 3180338
 248114 words of memory out of 3000000
 11090 multiletter control sequences out of 15000+200000
 13103 words of font info for 50 fonts, out of 3000000 for 9000
 14 hyphenation exceptions out of 8191
 44i,15n,74p,1625b,544s stack positions out of 5000i,500n,10000p,200000b,50000s
<C:/Program Files/MiKTeX 2.8/fonts/type1/public/amsfonts/cm/cmbx12.pfb><C:/P
rogram Files/MiKTeX 2.8/fonts/type1/public/amsfonts/cm/cmcsc10.pfb><C:/Program 
Files/MiKTeX 2.8/fonts/type1/public/amsfonts/cm/cmex10.pfb><C:/Program Files/Mi
KTeX 2.8/fonts/type1/public/amsfonts/cm/cmmi12.pfb><C:/Program Files/MiKTeX 2.8
/fonts/type1/public/amsfonts/cm/cmmi5.pfb><C:/Program Files/MiKTeX 2.8/fonts/ty
pe1/public/amsfonts/cm/cmmi6.pfb><C:/Program Files/MiKTeX 2.8/fonts/type1/publi
c/amsfonts/cm/cmmi8.pfb><C:/Program Files/MiKTeX 2.8/fonts/type1/public/amsfont
s/cm/cmr10.pfb><C:/Program Files/MiKTeX 2.8/fonts/type1/public/amsfonts/cm/cmr1
2.pfb><C:/Program Files/MiKTeX 2.8/fonts/type1/public/amsfonts/cm/cmr6.pfb><C:/
Program Files/MiKTeX 2.8/fonts/type1/public/amsfonts/cm/cmr8.pfb><C:/Program Fi
les/MiKTeX 2.8/fonts/type1/public/amsfonts/cm/cmsl12.pfb><C:/Program Files/MiKT
eX 2.8/fonts/type1/public/amsfonts/cm/cmsy10.pfb><C:/Program Files/MiKTeX 2.8/f
onts/type1/public/amsfonts/cm/cmsy6.pfb><C:/Program Files/MiKTeX 2.8/fonts/type
1/public/amsfonts/cm/cmsy8.pfb><C:/Program Files/MiKTeX 2.8/fonts/type1/public/
amsfonts/cm/cmti12.pfb>
Output written on THESIS.pdf (54 pages, 1154947 bytes).
PDF statistics:
 347 PDF objects out of 1000 (max. 8388607)
 0 named destinations out of 1000 (max. 500000)
 166 words of extra memory for PDF output out of 10000 (max. 10000000)

